{"name": "4.4 Раздел «Лента заказов». после оформления заказа его номер появляется в разделе В работе.", "status": "broken", "statusDetails": {"message": "selenium.common.exceptions.NoSuchElementException: Message: Unable to locate element: //*[text()='В работе:']/..//*[text()='9999']; For documentation on this error, please visit: https://www.selenium.dev/documentation/webdriver/troubleshooting/errors#no-such-element-exception\nStacktrace:\nRemoteError@chrome://remote/content/shared/RemoteError.sys.mjs:8:8\nWebDriverError@chrome://remote/content/shared/webdriver/Errors.sys.mjs:193:5\nNoSuchElementError@chrome://remote/content/shared/webdriver/Errors.sys.mjs:511:5\ndom.find/</<@chrome://remote/content/shared/DOM.sys.mjs:136:16", "trace": "self = <order_feed_test.TestOrderFeed object at 0x76333cb308c0>, driver = <selenium.webdriver.firefox.webdriver.WebDriver (session=\"99e2159f-31ba-444e-ba34-bdc9021f3048\")>\npayload = {'email': 'regina10@example.net', 'name': 'arroyosierra', 'password': '#10U33dfX@'}, create_user = <Response [200]>\n\n    @allure.title('4.4 Раздел «Лента заказов». после оформления заказа его номер появляется в разделе В работе.')\n    @allure.description('после оформления заказа его номер появляется в разделе В работе.')\n    def test_after_making_order_id_show_in_progress_section(self, driver, payload, create_user):\n        main_page = MainPage(driver)\n        main_page.open_page(Urls.MAIN)\n        main_page.login(payload)\n    \n        main_page.drag_and_drop()\n    \n        main_page.wait_and_find_element(MainPageLocator.BUTTON_CREATE_ORDER).click()\n        main_page.wait_presence(MainPageLocator.ORDER_ANIMATION)\n    \n        order_element = main_page.wait_and_find_element(MainPageLocator.ORDER_ID)\n        order_id = order_element.text\n        locator = main_page.create_locator_by_text(FeedPageLocator.FEED_FIND_ORDER_STATUS_TEMPLATE, order_id)\n        main_page.wait_element_clickable(MainPageLocator.ORDER_ID_CLOSE_BUTTON).click()\n    \n        main_page.wait_element_clickable(BasePageLocator.BUTTON_FEED).click()\n        main_page.wait_and_find_element(FeedPageLocator.FEED_TITLE)\n    \n>       element_from_feed = main_page.find_element(locator)\n\ntests/order_feed_test.py:115: \n_ _ _ _ _ _ _ _ _ _ _ _ _ _ _ _ _ _ _ _ _ _ _ _ _ _ _ _ _ _ _ _ _ _ _ _ _ _ _ _ _ _ _ _ _ _ _ _ _ _ _ _ _ _ _ _ _ _ _ _ _ _ _ _ _ _ _ _ _ _ _ _ _ _ _ _ _ _ _ _ _ _ _ _ _ _ _ _ _ \npages/base_page.py:33: in find_element\n    return self.driver.find_element(*locator)\n.venv/lib/python3.12/site-packages/selenium/webdriver/remote/webdriver.py:748: in find_element\n    return self.execute(Command.FIND_ELEMENT, {\"using\": by, \"value\": value})[\"value\"]\n.venv/lib/python3.12/site-packages/selenium/webdriver/remote/webdriver.py:354: in execute\n    self.error_handler.check_response(response)\n_ _ _ _ _ _ _ _ _ _ _ _ _ _ _ _ _ _ _ _ _ _ _ _ _ _ _ _ _ _ _ _ _ _ _ _ _ _ _ _ _ _ _ _ _ _ _ _ _ _ _ _ _ _ _ _ _ _ _ _ _ _ _ _ _ _ _ _ _ _ _ _ _ _ _ _ _ _ _ _ _ _ _ _ _ _ _ _ _ \n\nself = <selenium.webdriver.remote.errorhandler.ErrorHandler object at 0x76333c981370>\nresponse = {'status': 404, 'value': '{\"value\":{\"error\":\"no such element\",\"message\":\"Unable to locate element: //*[text()=\\'В рабо.../content/shared/webdriver/Errors.sys.mjs:511:5\\\\ndom.find/</<@chrome://remote/content/shared/DOM.sys.mjs:136:16\\\\n\"}}'}\n\n    def check_response(self, response: Dict[str, Any]) -> None:\n        \"\"\"Checks that a JSON response from the WebDriver does not have an\n        error.\n    \n        :Args:\n         - response - The JSON response from the WebDriver server as a dictionary\n           object.\n    \n        :Raises: If the response contains an error message.\n        \"\"\"\n        status = response.get(\"status\", None)\n        if not status or status == ErrorCode.SUCCESS:\n            return\n        value = None\n        message = response.get(\"message\", \"\")\n        screen: str = response.get(\"screen\", \"\")\n        stacktrace = None\n        if isinstance(status, int):\n            value_json = response.get(\"value\", None)\n            if value_json and isinstance(value_json, str):\n                import json\n    \n                try:\n                    value = json.loads(value_json)\n                    if len(value) == 1:\n                        value = value[\"value\"]\n                    status = value.get(\"error\", None)\n                    if not status:\n                        status = value.get(\"status\", ErrorCode.UNKNOWN_ERROR)\n                        message = value.get(\"value\") or value.get(\"message\")\n                        if not isinstance(message, str):\n                            value = message\n                            message = message.get(\"message\")\n                    else:\n                        message = value.get(\"message\", None)\n                except ValueError:\n                    pass\n    \n        exception_class: Type[WebDriverException]\n        e = ErrorCode()\n        error_codes = [item for item in dir(e) if not item.startswith(\"__\")]\n        for error_code in error_codes:\n            error_info = getattr(ErrorCode, error_code)\n            if isinstance(error_info, list) and status in error_info:\n                exception_class = getattr(ExceptionMapping, error_code, WebDriverException)\n                break\n        else:\n            exception_class = WebDriverException\n    \n        if not value:\n            value = response[\"value\"]\n        if isinstance(value, str):\n            raise exception_class(value)\n        if message == \"\" and \"message\" in value:\n            message = value[\"message\"]\n    \n        screen = None  # type: ignore[assignment]\n        if \"screen\" in value:\n            screen = value[\"screen\"]\n    \n        stacktrace = None\n        st_value = value.get(\"stackTrace\") or value.get(\"stacktrace\")\n        if st_value:\n            if isinstance(st_value, str):\n                stacktrace = st_value.split(\"\\n\")\n            else:\n                stacktrace = []\n                try:\n                    for frame in st_value:\n                        line = frame.get(\"lineNumber\", \"\")\n                        file = frame.get(\"fileName\", \"<anonymous>\")\n                        if line:\n                            file = f\"{file}:{line}\"\n                        meth = frame.get(\"methodName\", \"<anonymous>\")\n                        if \"className\" in frame:\n                            meth = f\"{frame['className']}.{meth}\"\n                        msg = \"    at %s (%s)\"\n                        msg = msg % (meth, file)\n                        stacktrace.append(msg)\n                except TypeError:\n                    pass\n        if exception_class == UnexpectedAlertPresentException:\n            alert_text = None\n            if \"data\" in value:\n                alert_text = value[\"data\"].get(\"text\")\n            elif \"alert\" in value:\n                alert_text = value[\"alert\"].get(\"text\")\n            raise exception_class(message, screen, stacktrace, alert_text)  # type: ignore[call-arg]  # mypy is not smart enough here\n>       raise exception_class(message, screen, stacktrace)\nE       selenium.common.exceptions.NoSuchElementException: Message: Unable to locate element: //*[text()='В работе:']/..//*[text()='9999']; For documentation on this error, please visit: https://www.selenium.dev/documentation/webdriver/troubleshooting/errors#no-such-element-exception\nE       Stacktrace:\nE       RemoteError@chrome://remote/content/shared/RemoteError.sys.mjs:8:8\nE       WebDriverError@chrome://remote/content/shared/webdriver/Errors.sys.mjs:193:5\nE       NoSuchElementError@chrome://remote/content/shared/webdriver/Errors.sys.mjs:511:5\nE       dom.find/</<@chrome://remote/content/shared/DOM.sys.mjs:136:16\n\n.venv/lib/python3.12/site-packages/selenium/webdriver/remote/errorhandler.py:229: NoSuchElementException"}, "description": "после оформления заказа его номер появляется в разделе В работе.", "steps": [{"name": "Открытие страницы", "status": "passed", "parameters": [{"name": "url", "value": "'https://stellarburgers.nomoreparties.site/'"}], "start": 1727813694154, "stop": 1727813698370}, {"name": "Вход в аккаунт", "status": "passed", "steps": [{"name": "Ожидание видимости элемента", "status": "passed", "parameters": [{"name": "locator", "value": "('xpath', \"//h1[text()='Соберите бургер']\")"}], "start": 1727813698371, "stop": 1727813698497}, {"name": "Ожидание что по элементу можно кликнуть", "status": "passed", "parameters": [{"name": "locator", "value": "('xpath', \"//p[text()='Личный Кабинет']\")"}], "start": 1727813698498, "stop": 1727813698636}, {"name": "Ожидание видимости элемента", "status": "passed", "parameters": [{"name": "locator", "value": "('xpath', \"//*[text()='Email']/../input\")"}], "start": 1727813698958, "stop": 1727813698975}, {"name": "Ожидание видимости элемента", "status": "passed", "parameters": [{"name": "locator", "value": "('xpath', \".//*[text()='Пароль']/../input\")"}], "start": 1727813699096, "stop": 1727813699117}, {"name": "Ожидание что по элементу можно кликнуть", "status": "passed", "parameters": [{"name": "locator", "value": "('xpath', \"//button[text()='Войти']\")"}], "start": 1727813699149, "stop": 1727813699185}, {"name": "Ожидание видимости элемента", "status": "passed", "parameters": [{"name": "locator", "value": "('xpath', \"//h1[text()='Соберите бургер']\")"}], "start": 1727813699420, "stop": 1727813699960}], "parameters": [{"name": "payload", "value": "{'email': 'regina10@example.net', 'password': '#10U33dfX@', 'name': 'arroyosierra'}"}], "start": 1727813698370, "stop": 1727813699961}, {"name": "Заказ ингредиентов Drag and Drop", "status": "passed", "steps": [{"name": "Возвращает ActionChains(driver)", "status": "passed", "start": 1727813699961, "stop": 1727813699961}, {"name": "Ожидание что по элементу можно кликнуть", "status": "passed", "parameters": [{"name": "locator", "value": "('xpath', \"//img[@alt='Флюоресцентная булка R2-D3']\")"}], "start": 1727813699962, "stop": 1727813700015}, {"name": "Ожидание что по элементу можно кликнуть", "status": "passed", "parameters": [{"name": "locator", "value": "('xpath', \".//*[@class='BurgerConstructor_basket__29Cd7 mt-25 ']\")"}], "start": 1727813700015, "stop": 1727813700064}], "start": 1727813699961, "stop": 1727813700873}, {"name": "Ожидание видимости элемента", "status": "passed", "parameters": [{"name": "locator", "value": "('xpath', \".//button[text()='Оформить заказ']\")"}], "start": 1727813700873, "stop": 1727813700891}, {"name": "Ожидание наличия элемента на странице", "status": "passed", "parameters": [{"name": "locator", "value": "('xpath', \"//div[@class='Modal_modal__P3_V5']\")"}], "start": 1727813701121, "stop": 1727813701644}, {"name": "Ожидание видимости элемента", "status": "passed", "parameters": [{"name": "locator", "value": "('xpath', \"//*[contains(@class, 'Modal_modal_opened')]//h2\")"}], "start": 1727813701644, "stop": 1727813701669}, {"name": "Создание локатора по тексту", "status": "passed", "parameters": [{"name": "template", "value": "('xpath', <string.Template object at 0x76333caec4d0>)"}, {"name": "text", "value": "'9999'"}], "start": 1727813701682, "stop": 1727813701682}, {"name": "Ожидание что по элементу можно кликнуть", "status": "passed", "parameters": [{"name": "locator", "value": "('xpath', \"//*[contains(@class, 'Modal_modal_opened')]//button\")"}], "start": 1727813701682, "stop": 1727813701725}, {"name": "Ожидание что по элементу можно кликнуть", "status": "passed", "parameters": [{"name": "locator", "value": "('xpath', \"//p[text()='Лента Заказов']\")"}], "start": 1727813701949, "stop": 1727813701996}, {"name": "Ожидание видимости элемента", "status": "passed", "parameters": [{"name": "locator", "value": "('xpath', \"//h1[text()='Лента заказов']\")"}], "start": 1727813702229, "stop": 1727813703754}, {"name": "Поиск элемента", "status": "broken", "statusDetails": {"message": "selenium.common.exceptions.NoSuchElementException: Message: Unable to locate element: //*[text()='В работе:']/..//*[text()='9999']; For documentation on this error, please visit: https://www.selenium.dev/documentation/webdriver/troubleshooting/errors#no-such-element-exception\nStacktrace:\nRemoteError@chrome://remote/content/shared/RemoteError.sys.mjs:8:8\nWebDriverError@chrome://remote/content/shared/webdriver/Errors.sys.mjs:193:5\nNoSuchElementError@chrome://remote/content/shared/webdriver/Errors.sys.mjs:511:5\ndom.find/</<@chrome://remote/content/shared/DOM.sys.mjs:136:16\n\n", "trace": "  File \"/home/sv/PycharmProjects/Diplom/Diplom_3/.venv/lib/python3.12/site-packages/allure_commons/_allure.py\", line 192, in impl\n    return func(*a, **kw)\n           ^^^^^^^^^^^^^^\n  File \"/home/sv/PycharmProjects/Diplom/Diplom_3/pages/base_page.py\", line 33, in find_element\n    return self.driver.find_element(*locator)\n           ^^^^^^^^^^^^^^^^^^^^^^^^^^^^^^^^^^\n  File \"/home/sv/PycharmProjects/Diplom/Diplom_3/.venv/lib/python3.12/site-packages/selenium/webdriver/remote/webdriver.py\", line 748, in find_element\n    return self.execute(Command.FIND_ELEMENT, {\"using\": by, \"value\": value})[\"value\"]\n           ^^^^^^^^^^^^^^^^^^^^^^^^^^^^^^^^^^^^^^^^^^^^^^^^^^^^^^^^^^^^^^^^^\n  File \"/home/sv/PycharmProjects/Diplom/Diplom_3/.venv/lib/python3.12/site-packages/selenium/webdriver/remote/webdriver.py\", line 354, in execute\n    self.error_handler.check_response(response)\n  File \"/home/sv/PycharmProjects/Diplom/Diplom_3/.venv/lib/python3.12/site-packages/selenium/webdriver/remote/errorhandler.py\", line 229, in check_response\n    raise exception_class(message, screen, stacktrace)\n"}, "parameters": [{"name": "locator", "value": "('xpath', \"//*[text()='В работе:']/..//*[text()='9999']\")"}], "start": 1727813703755, "stop": 1727813703758}], "attachments": [{"name": "stdout", "source": "3e364366-ffe9-4d29-9f74-b0d5cd3d840b-attachment.txt", "type": "text/plain"}], "parameters": [{"name": "driver", "value": "'firefox'"}], "start": 1727813694154, "stop": 1727813703773, "uuid": "21089678-2117-47ad-9dba-6a9008a2b8e9", "historyId": "923d907a50470ca7908f13730669b517", "testCaseId": "1091f16908366df135975f29fa6b504d", "fullName": "tests.order_feed_test.TestOrderFeed#test_after_making_order_id_show_in_progress_section", "labels": [{"name": "parentSuite", "value": "tests"}, {"name": "suite", "value": "order_feed_test"}, {"name": "subSuite", "value": "TestOrderFeed"}, {"name": "host", "value": "sv-laptop"}, {"name": "thread", "value": "46392-MainThread"}, {"name": "framework", "value": "pytest"}, {"name": "language", "value": "cpython3"}, {"name": "package", "value": "tests.order_feed_test"}]}