{"name": "4.1 Раздел «Лента заказов». если кликнуть на заказ, откроется всплывающее окно с деталями", "status": "broken", "statusDetails": {"message": "selenium.common.exceptions.TimeoutException: Message: \nStacktrace:\nRemoteError@chrome://remote/content/shared/RemoteError.sys.mjs:8:8\nWebDriverError@chrome://remote/content/shared/webdriver/Errors.sys.mjs:193:5\nNoSuchElementError@chrome://remote/content/shared/webdriver/Errors.sys.mjs:511:5\ndom.find/</<@chrome://remote/content/shared/DOM.sys.mjs:136:16", "trace": "self = <order_feed_test.TestOrderFeed object at 0x78eb37bc4260>, driver = <selenium.webdriver.firefox.webdriver.WebDriver (session=\"b0bcda71-c506-4f7f-acf5-680be321da2d\")>\npayload = {'email': 'ycabrera@example.net', 'name': 'santosalexander', 'password': '+*$#VipZ2r'}, create_user = <Response [200]>\n\n    @allure.title('4.1 Раздел «Лента заказов». если кликнуть на заказ, откроется всплывающее окно с деталями')\n    @allure.description('если кликнуть на заказ, откроется всплывающее окно с деталями')\n    def test_click_on_order_with_popup_window_details(self, driver, payload, create_user):\n        self.teardown_payload = payload\n    \n        main_page = MainPage(driver)\n        main_page.open_page(Urls.MAIN)\n        main_page.login(payload)\n    \n        main_page.drag_and_drop()\n    \n        main_page.wait_and_find_element(MainPageLocator.BUTTON_CREATE_ORDER).click()\n        main_page.wait_presence(MainPageLocator.ORDER_ANIMATION)\n        order_element = main_page.wait_and_find_element(MainPageLocator.ORDER_ID)\n        order_id = order_element.text\n        main_page.wait_element_clickable(MainPageLocator.ORDER_ID_CLOSE_BUTTON).click()\n        main_page.wait_element_clickable(BasePageLocator.BUTTON_FEED).click()\n        main_page.wait_and_find_element(FeedPageLocator.FEED_TITLE)\n        locator = main_page.create_locator_by_text(FeedPageLocator.FEED_FIND_ORDER_TEMPLATE, order_id)\n>       main_page.wait_presence(locator).click()\n\ntests/order_feed_test.py:40: \n_ _ _ _ _ _ _ _ _ _ _ _ _ _ _ _ _ _ _ _ _ _ _ _ _ _ _ _ _ _ _ _ _ _ _ _ _ _ _ _ _ _ _ _ _ _ _ _ _ _ _ _ _ _ _ _ _ _ _ _ _ _ _ _ _ _ _ _ _ _ _ _ _ _ _ _ _ _ _ _ _ _ _ _ _ _ _ _ _ \npages/base_page.py:52: in wait_presence\n    return WebDriverWait(self.driver, 10).until(ec.presence_of_element_located(locator))\n_ _ _ _ _ _ _ _ _ _ _ _ _ _ _ _ _ _ _ _ _ _ _ _ _ _ _ _ _ _ _ _ _ _ _ _ _ _ _ _ _ _ _ _ _ _ _ _ _ _ _ _ _ _ _ _ _ _ _ _ _ _ _ _ _ _ _ _ _ _ _ _ _ _ _ _ _ _ _ _ _ _ _ _ _ _ _ _ _ \n\nself = <selenium.webdriver.support.wait.WebDriverWait (session=\"b0bcda71-c506-4f7f-acf5-680be321da2d\")>\nmethod = <function presence_of_element_located.<locals>._predicate at 0x78eb37a56340>, message = ''\n\n    def until(self, method: Callable[[D], Union[Literal[False], T]], message: str = \"\") -> T:\n        \"\"\"Calls the method provided with the driver as an argument until the \\\n        return value does not evaluate to ``False``.\n    \n        :param method: callable(WebDriver)\n        :param message: optional message for :exc:`TimeoutException`\n        :returns: the result of the last call to `method`\n        :raises: :exc:`selenium.common.exceptions.TimeoutException` if timeout occurs\n        \"\"\"\n        screen = None\n        stacktrace = None\n    \n        end_time = time.monotonic() + self._timeout\n        while True:\n            try:\n                value = method(self._driver)\n                if value:\n                    return value\n            except self._ignored_exceptions as exc:\n                screen = getattr(exc, \"screen\", None)\n                stacktrace = getattr(exc, \"stacktrace\", None)\n            time.sleep(self._poll)\n            if time.monotonic() > end_time:\n                break\n>       raise TimeoutException(message, screen, stacktrace)\nE       selenium.common.exceptions.TimeoutException: Message: \nE       Stacktrace:\nE       RemoteError@chrome://remote/content/shared/RemoteError.sys.mjs:8:8\nE       WebDriverError@chrome://remote/content/shared/webdriver/Errors.sys.mjs:193:5\nE       NoSuchElementError@chrome://remote/content/shared/webdriver/Errors.sys.mjs:511:5\nE       dom.find/</<@chrome://remote/content/shared/DOM.sys.mjs:136:16\n\n.venv/lib/python3.12/site-packages/selenium/webdriver/support/wait.py:105: TimeoutException"}, "description": "если кликнуть на заказ, откроется всплывающее окно с деталями", "steps": [{"name": "Открытие страницы", "status": "passed", "parameters": [{"name": "url", "value": "'https://stellarburgers.nomoreparties.site/'"}], "start": 1727723427864, "stop": 1727723431622}, {"name": "Вход в аккаунт", "status": "passed", "steps": [{"name": "Ожидание видимости элемента", "status": "passed", "parameters": [{"name": "locator", "value": "('xpath', \"//h1[text()='Соберите бургер']\")"}], "start": 1727723431622, "stop": 1727723431675}, {"name": "Ожидание что по элементу можно кликнуть", "status": "passed", "parameters": [{"name": "locator", "value": "('xpath', \"//p[text()='Личный Кабинет']\")"}], "start": 1727723431675, "stop": 1727723431718}, {"name": "Ожидание видимости элемента", "status": "passed", "parameters": [{"name": "locator", "value": "('xpath', \"//*[text()='Email']/../input\")"}], "start": 1727723432020, "stop": 1727723432037}, {"name": "Ожидание видимости элемента", "status": "passed", "parameters": [{"name": "locator", "value": "('xpath', \".//*[text()='Пароль']/../input\")"}], "start": 1727723432141, "stop": 1727723432161}, {"name": "Ожидание что по элементу можно кликнуть", "status": "passed", "parameters": [{"name": "locator", "value": "('xpath', \"//button[text()='Войти']\")"}], "start": 1727723432200, "stop": 1727723432241}, {"name": "Ожидание видимости элемента", "status": "passed", "parameters": [{"name": "locator", "value": "('xpath', \"//h1[text()='Соберите бургер']\")"}], "start": 1727723432479, "stop": 1727723432997}], "parameters": [{"name": "payload", "value": "{'email': 'ycabrera@example.net', 'password': '+*$#VipZ2r', 'name': 'santosalexander'}"}], "start": 1727723431622, "stop": 1727723432997}, {"name": "Заказ ингредиентов Drag and Drop", "status": "passed", "steps": [{"name": "Ожидание что по элементу можно кликнуть", "status": "passed", "parameters": [{"name": "locator", "value": "('xpath', \"//img[@alt='Флюоресцентная булка R2-D3']\")"}], "start": 1727723432997, "stop": 1727723433035}, {"name": "Ожидание что по элементу можно кликнуть", "status": "passed", "parameters": [{"name": "locator", "value": "('xpath', \".//*[@class='BurgerConstructor_basket__29Cd7 mt-25 ']\")"}], "start": 1727723433036, "stop": 1727723433097}], "start": 1727723432997, "stop": 1727723433887}, {"name": "Ожидание видимости элемента", "status": "passed", "parameters": [{"name": "locator", "value": "('xpath', \".//button[text()='Оформить заказ']\")"}], "start": 1727723433887, "stop": 1727723433906}, {"name": "Ожидание наличия элемента на странице", "status": "passed", "parameters": [{"name": "locator", "value": "('xpath', \"//div[@class='Modal_modal__P3_V5']\")"}], "start": 1727723434139, "stop": 1727723434197}, {"name": "Ожидание видимости элемента", "status": "passed", "parameters": [{"name": "locator", "value": "('xpath', \"//*[contains(@class, 'Modal_modal_opened')]//h2\")"}], "start": 1727723434197, "stop": 1727723434253}, {"name": "Ожидание что по элементу можно кликнуть", "status": "passed", "parameters": [{"name": "locator", "value": "('xpath', \"//*[contains(@class, 'Modal_modal_opened')]//button\")"}], "start": 1727723434296, "stop": 1727723434346}, {"name": "Ожидание что по элементу можно кликнуть", "status": "passed", "parameters": [{"name": "locator", "value": "('xpath', \"//p[text()='Лента Заказов']\")"}], "start": 1727723434577, "stop": 1727723434628}, {"name": "Ожидание видимости элемента", "status": "passed", "parameters": [{"name": "locator", "value": "('xpath', \"//h1[text()='Лента заказов']\")"}], "start": 1727723434864, "stop": 1727723435452}, {"name": "Создание локатора по тексту", "status": "passed", "parameters": [{"name": "template", "value": "('xpath', <string.Template object at 0x78eb37c05580>)"}, {"name": "text", "value": "'9999'"}], "start": 1727723435452, "stop": 1727723435453}, {"name": "Ожидание наличия элемента на странице", "status": "broken", "statusDetails": {"message": "selenium.common.exceptions.TimeoutException: Message: \nStacktrace:\nRemoteError@chrome://remote/content/shared/RemoteError.sys.mjs:8:8\nWebDriverError@chrome://remote/content/shared/webdriver/Errors.sys.mjs:193:5\nNoSuchElementError@chrome://remote/content/shared/webdriver/Errors.sys.mjs:511:5\ndom.find/</<@chrome://remote/content/shared/DOM.sys.mjs:136:16\n\n", "trace": "  File \"/home/sv/PycharmProjects/Diplom/Diplom_3/.venv/lib/python3.12/site-packages/allure_commons/_allure.py\", line 192, in impl\n    return func(*a, **kw)\n           ^^^^^^^^^^^^^^\n  File \"/home/sv/PycharmProjects/Diplom/Diplom_3/pages/base_page.py\", line 52, in wait_presence\n    return WebDriverWait(self.driver, 10).until(ec.presence_of_element_located(locator))\n           ^^^^^^^^^^^^^^^^^^^^^^^^^^^^^^^^^^^^^^^^^^^^^^^^^^^^^^^^^^^^^^^^^^^^^^^^^^^^^\n  File \"/home/sv/PycharmProjects/Diplom/Diplom_3/.venv/lib/python3.12/site-packages/selenium/webdriver/support/wait.py\", line 105, in until\n    raise TimeoutException(message, screen, stacktrace)\n"}, "parameters": [{"name": "locator", "value": "('xpath', \".//*[text()='#09999']\")"}], "start": 1727723435453, "stop": 1727723445614}], "attachments": [{"name": "stdout", "source": "28f778f1-e299-4ea8-aebc-f562fc9b891b-attachment.txt", "type": "text/plain"}], "parameters": [{"name": "driver", "value": "'firefox'"}], "start": 1727723427863, "stop": 1727723445624, "uuid": "c13357c1-d90e-482f-b1dc-193ccaf68979", "historyId": "5b4dcdb99b0444d22b65ace35173f2a2", "testCaseId": "ed30347dd046779773e984f3a9f602c8", "fullName": "tests.order_feed_test.TestOrderFeed#test_click_on_order_with_popup_window_details", "labels": [{"name": "parentSuite", "value": "tests"}, {"name": "suite", "value": "order_feed_test"}, {"name": "subSuite", "value": "TestOrderFeed"}, {"name": "host", "value": "sv-laptop"}, {"name": "thread", "value": "29018-MainThread"}, {"name": "framework", "value": "pytest"}, {"name": "language", "value": "cpython3"}, {"name": "package", "value": "tests.order_feed_test"}]}