{"name": "4.2 Раздел «Лента заказов». заказы пользователя ", "status": "broken", "statusDetails": {"message": "selenium.common.exceptions.TimeoutException: Message: \nStacktrace:\nRemoteError@chrome://remote/content/shared/RemoteError.sys.mjs:8:8\nWebDriverError@chrome://remote/content/shared/webdriver/Errors.sys.mjs:193:5\nNoSuchElementError@chrome://remote/content/shared/webdriver/Errors.sys.mjs:511:5\ndom.find/</<@chrome://remote/content/shared/DOM.sys.mjs:136:16", "trace": "self = <order_feed_test.TestOrderFeed object at 0x76333caeff50>, driver = <selenium.webdriver.firefox.webdriver.WebDriver (session=\"bd35d004-d732-4073-a49c-0851dbda534c\")>\npayload = {'email': 'ngonzalez@example.org', 'name': 'antonio44', 'password': 'm%XL89YuKW'}, create_user = <Response [403]>\n\n    @allure.title('4.2 Раздел «Лента заказов». заказы пользователя ')\n    @allure.description('заказы пользователя из раздела «История заказов» отображаются на странице «Лента заказов»')\n    def test_click_order_from_history_equal_order_fit(self, driver, payload, create_user):\n        main_page = MainPage(driver)\n        main_page.open_page(Urls.MAIN)\n>       main_page.login(payload)\n\ntests/order_feed_test.py:42: \n_ _ _ _ _ _ _ _ _ _ _ _ _ _ _ _ _ _ _ _ _ _ _ _ _ _ _ _ _ _ _ _ _ _ _ _ _ _ _ _ _ _ _ _ _ _ _ _ _ _ _ _ _ _ _ _ _ _ _ _ _ _ _ _ _ _ _ _ _ _ _ _ _ _ _ _ _ _ _ _ _ _ _ _ _ _ _ _ _ \npages/main_page.py:20: in login\n    self.wait_and_find_element(MainPageLocator.MAIN_TITLE)\npages/base_page.py:16: in wait_and_find_element\n    return WebDriverWait(self.driver, 10).until(ec.visibility_of_element_located(locator))\n_ _ _ _ _ _ _ _ _ _ _ _ _ _ _ _ _ _ _ _ _ _ _ _ _ _ _ _ _ _ _ _ _ _ _ _ _ _ _ _ _ _ _ _ _ _ _ _ _ _ _ _ _ _ _ _ _ _ _ _ _ _ _ _ _ _ _ _ _ _ _ _ _ _ _ _ _ _ _ _ _ _ _ _ _ _ _ _ _ \n\nself = <selenium.webdriver.support.wait.WebDriverWait (session=\"bd35d004-d732-4073-a49c-0851dbda534c\")>\nmethod = <function visibility_of_element_located.<locals>._predicate at 0x76333c9a1300>, message = ''\n\n    def until(self, method: Callable[[D], Union[Literal[False], T]], message: str = \"\") -> T:\n        \"\"\"Calls the method provided with the driver as an argument until the \\\n        return value does not evaluate to ``False``.\n    \n        :param method: callable(WebDriver)\n        :param message: optional message for :exc:`TimeoutException`\n        :returns: the result of the last call to `method`\n        :raises: :exc:`selenium.common.exceptions.TimeoutException` if timeout occurs\n        \"\"\"\n        screen = None\n        stacktrace = None\n    \n        end_time = time.monotonic() + self._timeout\n        while True:\n            try:\n                value = method(self._driver)\n                if value:\n                    return value\n            except self._ignored_exceptions as exc:\n                screen = getattr(exc, \"screen\", None)\n                stacktrace = getattr(exc, \"stacktrace\", None)\n            time.sleep(self._poll)\n            if time.monotonic() > end_time:\n                break\n>       raise TimeoutException(message, screen, stacktrace)\nE       selenium.common.exceptions.TimeoutException: Message: \nE       Stacktrace:\nE       RemoteError@chrome://remote/content/shared/RemoteError.sys.mjs:8:8\nE       WebDriverError@chrome://remote/content/shared/webdriver/Errors.sys.mjs:193:5\nE       NoSuchElementError@chrome://remote/content/shared/webdriver/Errors.sys.mjs:511:5\nE       dom.find/</<@chrome://remote/content/shared/DOM.sys.mjs:136:16\n\n.venv/lib/python3.12/site-packages/selenium/webdriver/support/wait.py:105: TimeoutException"}, "description": "заказы пользователя из раздела «История заказов» отображаются на странице «Лента заказов»", "steps": [{"name": "Открытие страницы", "status": "passed", "parameters": [{"name": "url", "value": "'https://stellarburgers.nomoreparties.site/'"}], "start": 1727813597926, "stop": 1727813601427}, {"name": "Вход в аккаунт", "status": "broken", "statusDetails": {"message": "selenium.common.exceptions.TimeoutException: Message: \nStacktrace:\nRemoteError@chrome://remote/content/shared/RemoteError.sys.mjs:8:8\nWebDriverError@chrome://remote/content/shared/webdriver/Errors.sys.mjs:193:5\nNoSuchElementError@chrome://remote/content/shared/webdriver/Errors.sys.mjs:511:5\ndom.find/</<@chrome://remote/content/shared/DOM.sys.mjs:136:16\n\n", "trace": "  File \"/home/sv/PycharmProjects/Diplom/Diplom_3/.venv/lib/python3.12/site-packages/allure_commons/_allure.py\", line 192, in impl\n    return func(*a, **kw)\n           ^^^^^^^^^^^^^^\n  File \"/home/sv/PycharmProjects/Diplom/Diplom_3/pages/main_page.py\", line 20, in login\n    self.wait_and_find_element(MainPageLocator.MAIN_TITLE)\n  File \"/home/sv/PycharmProjects/Diplom/Diplom_3/.venv/lib/python3.12/site-packages/allure_commons/_allure.py\", line 192, in impl\n    return func(*a, **kw)\n           ^^^^^^^^^^^^^^\n  File \"/home/sv/PycharmProjects/Diplom/Diplom_3/pages/base_page.py\", line 16, in wait_and_find_element\n    return WebDriverWait(self.driver, 10).until(ec.visibility_of_element_located(locator))\n           ^^^^^^^^^^^^^^^^^^^^^^^^^^^^^^^^^^^^^^^^^^^^^^^^^^^^^^^^^^^^^^^^^^^^^^^^^^^^^^^\n  File \"/home/sv/PycharmProjects/Diplom/Diplom_3/.venv/lib/python3.12/site-packages/selenium/webdriver/support/wait.py\", line 105, in until\n    raise TimeoutException(message, screen, stacktrace)\n"}, "steps": [{"name": "Ожидание видимости элемента", "status": "passed", "parameters": [{"name": "locator", "value": "('xpath', \"//h1[text()='Соберите бургер']\")"}], "start": 1727813601427, "stop": 1727813601490}, {"name": "Ожидание что по элементу можно кликнуть", "status": "passed", "parameters": [{"name": "locator", "value": "('xpath', \"//p[text()='Личный Кабинет']\")"}], "start": 1727813601490, "stop": 1727813601531}, {"name": "Ожидание видимости элемента", "status": "passed", "parameters": [{"name": "locator", "value": "('xpath', \"//*[text()='Email']/../input\")"}], "start": 1727813601826, "stop": 1727813601842}, {"name": "Ожидание видимости элемента", "status": "passed", "parameters": [{"name": "locator", "value": "('xpath', \".//*[text()='Пароль']/../input\")"}], "start": 1727813601948, "stop": 1727813601969}, {"name": "Ожидание что по элементу можно кликнуть", "status": "passed", "parameters": [{"name": "locator", "value": "('xpath', \"//button[text()='Войти']\")"}], "start": 1727813602006, "stop": 1727813602044}, {"name": "Ожидание видимости элемента", "status": "broken", "statusDetails": {"message": "selenium.common.exceptions.TimeoutException: Message: \nStacktrace:\nRemoteError@chrome://remote/content/shared/RemoteError.sys.mjs:8:8\nWebDriverError@chrome://remote/content/shared/webdriver/Errors.sys.mjs:193:5\nNoSuchElementError@chrome://remote/content/shared/webdriver/Errors.sys.mjs:511:5\ndom.find/</<@chrome://remote/content/shared/DOM.sys.mjs:136:16\n\n", "trace": "  File \"/home/sv/PycharmProjects/Diplom/Diplom_3/.venv/lib/python3.12/site-packages/allure_commons/_allure.py\", line 192, in impl\n    return func(*a, **kw)\n           ^^^^^^^^^^^^^^\n  File \"/home/sv/PycharmProjects/Diplom/Diplom_3/pages/base_page.py\", line 16, in wait_and_find_element\n    return WebDriverWait(self.driver, 10).until(ec.visibility_of_element_located(locator))\n           ^^^^^^^^^^^^^^^^^^^^^^^^^^^^^^^^^^^^^^^^^^^^^^^^^^^^^^^^^^^^^^^^^^^^^^^^^^^^^^^\n  File \"/home/sv/PycharmProjects/Diplom/Diplom_3/.venv/lib/python3.12/site-packages/selenium/webdriver/support/wait.py\", line 105, in until\n    raise TimeoutException(message, screen, stacktrace)\n"}, "parameters": [{"name": "locator", "value": "('xpath', \"//h1[text()='Соберите бургер']\")"}], "start": 1727813602281, "stop": 1727813612370}], "parameters": [{"name": "payload", "value": "{'email': 'ngonzalez@example.org', 'password': 'm%XL89YuKW', 'name': 'antonio44'}"}], "start": 1727813601427, "stop": 1727813612371}], "parameters": [{"name": "driver", "value": "'firefox'"}], "start": 1727813597926, "stop": 1727813612377, "uuid": "49dc7d75-20ea-44c9-9f0c-06fdadcaad7c", "historyId": "4adda997945d10deb79f071328806c58", "testCaseId": "fa87490827318fc1f89c7fa64ff7678c", "fullName": "tests.order_feed_test.TestOrderFeed#test_click_order_from_history_equal_order_fit", "labels": [{"name": "parentSuite", "value": "tests"}, {"name": "suite", "value": "order_feed_test"}, {"name": "subSuite", "value": "TestOrderFeed"}, {"name": "host", "value": "sv-laptop"}, {"name": "thread", "value": "46392-MainThread"}, {"name": "framework", "value": "pytest"}, {"name": "language", "value": "cpython3"}, {"name": "package", "value": "tests.order_feed_test"}]}