{"name": "4.4 Раздел «Лента заказов». после оформления заказа его номер появляется в разделе В работе.", "status": "broken", "statusDetails": {"message": "selenium.common.exceptions.NoSuchElementException: Message: Unable to locate element: //*[text()='В работе:']/..//*[text()='9999']; For documentation on this error, please visit: https://www.selenium.dev/documentation/webdriver/troubleshooting/errors#no-such-element-exception\nStacktrace:\nRemoteError@chrome://remote/content/shared/RemoteError.sys.mjs:8:8\nWebDriverError@chrome://remote/content/shared/webdriver/Errors.sys.mjs:193:5\nNoSuchElementError@chrome://remote/content/shared/webdriver/Errors.sys.mjs:511:5\ndom.find/</<@chrome://remote/content/shared/DOM.sys.mjs:136:16", "trace": "self = <order_feed_test.TestOrderFeed object at 0x78eb37bc6510>, driver = <selenium.webdriver.firefox.webdriver.WebDriver (session=\"d06dd1af-3fce-441b-bc0d-71bc95fed2b2\")>\npayload = {'email': 'dawsonjose@example.com', 'name': 'mphillips', 'password': '1^6qomBP(p'}, create_user = <Response [200]>\n\n    @allure.title('4.4 Раздел «Лента заказов». после оформления заказа его номер появляется в разделе В работе.')\n    @allure.description('после оформления заказа его номер появляется в разделе В работе.')\n    def test_after_making_order_id_show_in_progress_section(self, driver, payload, create_user):\n        self.teardown_payload = payload\n    \n        main_page = MainPage(driver)\n        main_page.open_page(Urls.MAIN)\n        main_page.login(payload)\n    \n        main_page.drag_and_drop()\n    \n        main_page.wait_and_find_element(MainPageLocator.BUTTON_CREATE_ORDER).click()\n        main_page.wait_presence(MainPageLocator.ORDER_ANIMATION)\n    \n        order_element = main_page.wait_and_find_element(MainPageLocator.ORDER_ID)\n        order_id = order_element.text\n        locator = main_page.create_locator_by_text(FeedPageLocator.FEED_FIND_ORDER_STATUS_TEMPLATE, order_id)\n        main_page.wait_element_clickable(MainPageLocator.ORDER_ID_CLOSE_BUTTON).click()\n    \n        main_page.wait_element_clickable(BasePageLocator.BUTTON_FEED).click()\n        main_page.wait_and_find_element(FeedPageLocator.FEED_TITLE)\n    \n>       element_from_feed = main_page.find_element(locator)\n\ntests/order_feed_test.py:129: \n_ _ _ _ _ _ _ _ _ _ _ _ _ _ _ _ _ _ _ _ _ _ _ _ _ _ _ _ _ _ _ _ _ _ _ _ _ _ _ _ _ _ _ _ _ _ _ _ _ _ _ _ _ _ _ _ _ _ _ _ _ _ _ _ _ _ _ _ _ _ _ _ _ _ _ _ _ _ _ _ _ _ _ _ _ _ _ _ _ \npages/base_page.py:32: in find_element\n    return self.driver.find_element(*locator)\n.venv/lib/python3.12/site-packages/selenium/webdriver/remote/webdriver.py:748: in find_element\n    return self.execute(Command.FIND_ELEMENT, {\"using\": by, \"value\": value})[\"value\"]\n.venv/lib/python3.12/site-packages/selenium/webdriver/remote/webdriver.py:354: in execute\n    self.error_handler.check_response(response)\n_ _ _ _ _ _ _ _ _ _ _ _ _ _ _ _ _ _ _ _ _ _ _ _ _ _ _ _ _ _ _ _ _ _ _ _ _ _ _ _ _ _ _ _ _ _ _ _ _ _ _ _ _ _ _ _ _ _ _ _ _ _ _ _ _ _ _ _ _ _ _ _ _ _ _ _ _ _ _ _ _ _ _ _ _ _ _ _ _ \n\nself = <selenium.webdriver.remote.errorhandler.ErrorHandler object at 0x78eb37aa0aa0>\nresponse = {'status': 404, 'value': '{\"value\":{\"error\":\"no such element\",\"message\":\"Unable to locate element: //*[text()=\\'В рабо.../content/shared/webdriver/Errors.sys.mjs:511:5\\\\ndom.find/</<@chrome://remote/content/shared/DOM.sys.mjs:136:16\\\\n\"}}'}\n\n    def check_response(self, response: Dict[str, Any]) -> None:\n        \"\"\"Checks that a JSON response from the WebDriver does not have an\n        error.\n    \n        :Args:\n         - response - The JSON response from the WebDriver server as a dictionary\n           object.\n    \n        :Raises: If the response contains an error message.\n        \"\"\"\n        status = response.get(\"status\", None)\n        if not status or status == ErrorCode.SUCCESS:\n            return\n        value = None\n        message = response.get(\"message\", \"\")\n        screen: str = response.get(\"screen\", \"\")\n        stacktrace = None\n        if isinstance(status, int):\n            value_json = response.get(\"value\", None)\n            if value_json and isinstance(value_json, str):\n                import json\n    \n                try:\n                    value = json.loads(value_json)\n                    if len(value) == 1:\n                        value = value[\"value\"]\n                    status = value.get(\"error\", None)\n                    if not status:\n                        status = value.get(\"status\", ErrorCode.UNKNOWN_ERROR)\n                        message = value.get(\"value\") or value.get(\"message\")\n                        if not isinstance(message, str):\n                            value = message\n                            message = message.get(\"message\")\n                    else:\n                        message = value.get(\"message\", None)\n                except ValueError:\n                    pass\n    \n        exception_class: Type[WebDriverException]\n        e = ErrorCode()\n        error_codes = [item for item in dir(e) if not item.startswith(\"__\")]\n        for error_code in error_codes:\n            error_info = getattr(ErrorCode, error_code)\n            if isinstance(error_info, list) and status in error_info:\n                exception_class = getattr(ExceptionMapping, error_code, WebDriverException)\n                break\n        else:\n            exception_class = WebDriverException\n    \n        if not value:\n            value = response[\"value\"]\n        if isinstance(value, str):\n            raise exception_class(value)\n        if message == \"\" and \"message\" in value:\n            message = value[\"message\"]\n    \n        screen = None  # type: ignore[assignment]\n        if \"screen\" in value:\n            screen = value[\"screen\"]\n    \n        stacktrace = None\n        st_value = value.get(\"stackTrace\") or value.get(\"stacktrace\")\n        if st_value:\n            if isinstance(st_value, str):\n                stacktrace = st_value.split(\"\\n\")\n            else:\n                stacktrace = []\n                try:\n                    for frame in st_value:\n                        line = frame.get(\"lineNumber\", \"\")\n                        file = frame.get(\"fileName\", \"<anonymous>\")\n                        if line:\n                            file = f\"{file}:{line}\"\n                        meth = frame.get(\"methodName\", \"<anonymous>\")\n                        if \"className\" in frame:\n                            meth = f\"{frame['className']}.{meth}\"\n                        msg = \"    at %s (%s)\"\n                        msg = msg % (meth, file)\n                        stacktrace.append(msg)\n                except TypeError:\n                    pass\n        if exception_class == UnexpectedAlertPresentException:\n            alert_text = None\n            if \"data\" in value:\n                alert_text = value[\"data\"].get(\"text\")\n            elif \"alert\" in value:\n                alert_text = value[\"alert\"].get(\"text\")\n            raise exception_class(message, screen, stacktrace, alert_text)  # type: ignore[call-arg]  # mypy is not smart enough here\n>       raise exception_class(message, screen, stacktrace)\nE       selenium.common.exceptions.NoSuchElementException: Message: Unable to locate element: //*[text()='В работе:']/..//*[text()='9999']; For documentation on this error, please visit: https://www.selenium.dev/documentation/webdriver/troubleshooting/errors#no-such-element-exception\nE       Stacktrace:\nE       RemoteError@chrome://remote/content/shared/RemoteError.sys.mjs:8:8\nE       WebDriverError@chrome://remote/content/shared/webdriver/Errors.sys.mjs:193:5\nE       NoSuchElementError@chrome://remote/content/shared/webdriver/Errors.sys.mjs:511:5\nE       dom.find/</<@chrome://remote/content/shared/DOM.sys.mjs:136:16\n\n.venv/lib/python3.12/site-packages/selenium/webdriver/remote/errorhandler.py:229: NoSuchElementException"}, "description": "после оформления заказа его номер появляется в разделе В работе.", "steps": [{"name": "Открытие страницы", "status": "passed", "parameters": [{"name": "url", "value": "'https://stellarburgers.nomoreparties.site/'"}], "start": 1727723566759, "stop": 1727723573898}, {"name": "Вход в аккаунт", "status": "passed", "steps": [{"name": "Ожидание видимости элемента", "status": "passed", "parameters": [{"name": "locator", "value": "('xpath', \"//h1[text()='Соберите бургер']\")"}], "start": 1727723573901, "stop": 1727723574060}, {"name": "Ожидание что по элементу можно кликнуть", "status": "passed", "parameters": [{"name": "locator", "value": "('xpath', \"//p[text()='Личный Кабинет']\")"}], "start": 1727723574061, "stop": 1727723574191}, {"name": "Ожидание видимости элемента", "status": "passed", "parameters": [{"name": "locator", "value": "('xpath', \"//*[text()='Email']/../input\")"}], "start": 1727723574555, "stop": 1727723574581}, {"name": "Ожидание видимости элемента", "status": "passed", "parameters": [{"name": "locator", "value": "('xpath', \".//*[text()='Пароль']/../input\")"}], "start": 1727723574746, "stop": 1727723574775}, {"name": "Ожидание что по элементу можно кликнуть", "status": "passed", "parameters": [{"name": "locator", "value": "('xpath', \"//button[text()='Войти']\")"}], "start": 1727723574825, "stop": 1727723574891}, {"name": "Ожидание видимости элемента", "status": "passed", "parameters": [{"name": "locator", "value": "('xpath', \"//h1[text()='Соберите бургер']\")"}], "start": 1727723575154, "stop": 1727723575680}], "parameters": [{"name": "payload", "value": "{'email': 'dawsonjose@example.com', 'password': '1^6qomBP(p', 'name': 'mphillips'}"}], "start": 1727723573900, "stop": 1727723575680}, {"name": "Заказ ингредиентов Drag and Drop", "status": "passed", "steps": [{"name": "Ожидание что по элементу можно кликнуть", "status": "passed", "parameters": [{"name": "locator", "value": "('xpath', \"//img[@alt='Флюоресцентная булка R2-D3']\")"}], "start": 1727723575680, "stop": 1727723575835}, {"name": "Ожидание что по элементу можно кликнуть", "status": "passed", "parameters": [{"name": "locator", "value": "('xpath', \".//*[@class='BurgerConstructor_basket__29Cd7 mt-25 ']\")"}], "start": 1727723575836, "stop": 1727723575902}], "start": 1727723575680, "stop": 1727723576692}, {"name": "Ожидание видимости элемента", "status": "passed", "parameters": [{"name": "locator", "value": "('xpath', \".//button[text()='Оформить заказ']\")"}], "start": 1727723576692, "stop": 1727723576759}, {"name": "Ожидание наличия элемента на странице", "status": "passed", "parameters": [{"name": "locator", "value": "('xpath', \"//div[@class='Modal_modal__P3_V5']\")"}], "start": 1727723577038, "stop": 1727723577549}, {"name": "Ожидание видимости элемента", "status": "passed", "parameters": [{"name": "locator", "value": "('xpath', \"//*[contains(@class, 'Modal_modal_opened')]//h2\")"}], "start": 1727723577550, "stop": 1727723577567}, {"name": "Создание локатора по тексту", "status": "passed", "parameters": [{"name": "template", "value": "('xpath', <string.Template object at 0x78eb37b7b890>)"}, {"name": "text", "value": "'9999'"}], "start": 1727723577591, "stop": 1727723577591}, {"name": "Ожидание что по элементу можно кликнуть", "status": "passed", "parameters": [{"name": "locator", "value": "('xpath', \"//*[contains(@class, 'Modal_modal_opened')]//button\")"}], "start": 1727723577591, "stop": 1727723577634}, {"name": "Ожидание что по элементу можно кликнуть", "status": "passed", "parameters": [{"name": "locator", "value": "('xpath', \"//p[text()='Лента Заказов']\")"}], "start": 1727723577863, "stop": 1727723577904}, {"name": "Ожидание видимости элемента", "status": "passed", "parameters": [{"name": "locator", "value": "('xpath', \"//h1[text()='Лента заказов']\")"}], "start": 1727723578137, "stop": 1727723579665}], "attachments": [{"name": "stdout", "source": "c2935cfe-c1da-4862-afa4-dbf744886c2c-attachment.txt", "type": "text/plain"}], "parameters": [{"name": "driver", "value": "'firefox'"}], "start": 1727723566759, "stop": 1727723579669, "uuid": "2ffdf5e7-bbb6-4734-9d91-091a14c97bcf", "historyId": "923d907a50470ca7908f13730669b517", "testCaseId": "1091f16908366df135975f29fa6b504d", "fullName": "tests.order_feed_test.TestOrderFeed#test_after_making_order_id_show_in_progress_section", "labels": [{"name": "parentSuite", "value": "tests"}, {"name": "suite", "value": "order_feed_test"}, {"name": "subSuite", "value": "TestOrderFeed"}, {"name": "host", "value": "sv-laptop"}, {"name": "thread", "value": "29018-MainThread"}, {"name": "framework", "value": "pytest"}, {"name": "language", "value": "cpython3"}, {"name": "package", "value": "tests.order_feed_test"}]}